<?xml version="1.0" encoding="UTF-8"?>
<!-- Generated by org.testng.reporters.JUnitXMLReporter -->
<testsuite ignored="1" hostname="dell-inspiron-5559" failures="0" tests="3" name="Sub_Suite_1" time="13.775" errors="0" timestamp="02 Oct 2022 15:38:16 GMT">
  <testcase classname="PSSTestRunner.PSSTestRunner" name="LogInToThePSSAdmin" time="3.842"/>
  <testcase classname="PSSTestRunner.PSSTestRunner" name="ClickOnToogleMenu" time="0.635"/>
  <testcase classname="PSSTestRunner.PSSTestRunner" name="ClickOnRole" time="0.684"/>
  <testcase classname="PSSTestRunner.PSSTestRunner" name="LogOutFromThePSSAdmin" time="0.0">
    <ignored/>
  </testcase> <!-- LogOutFromThePSSAdmin -->
</testsuite> <!-- Sub_Suite_1 -->
