<?xml version="1.0" encoding="UTF-8"?>
<!-- Generated by org.testng.reporters.JUnitXMLReporter -->
<testsuite ignored="17" hostname="dell-inspiron-5559" failures="0" tests="1" name="Sub_Suite_2" time="17.732" errors="0" timestamp="12 Oct 2022 17:41:18 GMT">
  <testcase classname="TestRunner.TestRunner" name="goToInteractionsWindow" time="2.685"/>
  <testcase classname="TestRunner.TestRunner" name="goToalert4" time="0.0">
    <ignored/>
  </testcase> <!-- goToalert4 -->
  <testcase classname="TestRunner.TestRunner" name="goToalert1" time="0.0">
    <ignored/>
  </testcase> <!-- goToalert1 -->
  <testcase classname="TestRunner.TestRunner" name="goToNewWindow" time="0.0">
    <ignored/>
  </testcase> <!-- goToNewWindow -->
  <testcase classname="TestRunner.TestRunner" name="goToalert3" time="0.0">
    <ignored/>
  </testcase> <!-- goToalert3 -->
  <testcase classname="TestRunner.TestRunner" name="goToAccordian" time="0.0">
    <ignored/>
  </testcase> <!-- goToAccordian -->
  <testcase classname="TestRunner.TestRunner" name="goToModalDialogsWindow" time="0.0">
    <ignored/>
  </testcase> <!-- goToModalDialogsWindow -->
  <testcase classname="TestRunner.TestRunner" name="goToToolTipsScreen" time="0.0">
    <ignored/>
  </testcase> <!-- goToToolTipsScreen -->
  <testcase classname="TestRunner.TestRunner" name="goToWdgetsScreen2" time="0.0">
    <ignored/>
  </testcase> <!-- goToWdgetsScreen2 -->
  <testcase classname="TestRunner.TestRunner" name="goToNewFrameWindow" time="0.0">
    <ignored/>
  </testcase> <!-- goToNewFrameWindow -->
  <testcase classname="TestRunner.TestRunner" name="goToalert2" time="0.0">
    <ignored/>
  </testcase> <!-- goToalert2 -->
  <testcase classname="TestRunner.TestRunner" name="goToNewMessageWindow" time="0.0">
    <ignored/>
  </testcase> <!-- goToNewMessageWindow -->
  <testcase classname="TestRunner.TestRunner" name="goToWdgetsScreen" time="0.0">
    <ignored/>
  </testcase> <!-- goToWdgetsScreen -->
  <testcase classname="TestRunner.TestRunner" name="goToNewTab" time="0.0">
    <ignored/>
  </testcase> <!-- goToNewTab -->
  <testcase classname="TestRunner.TestRunner" name="goToNewNestedFrameWindow" time="0.0">
    <ignored/>
  </testcase> <!-- goToNewNestedFrameWindow -->
  <testcase classname="TestRunner.TestRunner" name="goToProgressBar" time="0.0">
    <ignored/>
  </testcase> <!-- goToProgressBar -->
  <testcase classname="TestRunner.TestRunner" name="registerForBookStoreApplication" time="0.0">
    <ignored/>
  </testcase> <!-- registerForBookStoreApplication -->
  <testcase classname="TestRunner.TestRunner" name="goToSlider" time="0.0">
    <ignored/>
  </testcase> <!-- goToSlider -->
</testsuite> <!-- Sub_Suite_2 -->
