<?xml version="1.0" encoding="UTF-8"?>
<testng-results ignored="7" total="8" passed="1" failed="0" skipped="0">
  <reporter-output>
  </reporter-output>
  <suite started-at="2022-10-10T15:17:32Z" name="Test_Suite" finished-at="2022-10-10T15:18:12Z" duration-ms="40370">
    <groups>
    </groups>
    <test started-at="2022-10-10T15:17:32Z" name="Sub_Suite_2" finished-at="2022-10-10T15:18:12Z" duration-ms="40370">
      <class name="TestRunner.TestRunner">
        <test-method is-config="true" signature="Intialize(java.lang.String, java.lang.String)[pri:0, instance:TestRunner.TestRunner@798162bc]" started-at="2022-10-10T15:17:32Z" name="Intialize" finished-at="2022-10-10T15:18:08Z" duration-ms="36152" status="PASS">
          <params>
            <param index="0">
              <value>
                <![CDATA[chrome]]>
              </value>
            </param>
            <param index="1">
              <value>
                <![CDATA[https://demoqa.com/]]>
              </value>
            </param>
          </params>
          <reporter-output>
          </reporter-output>
        </test-method> <!-- Intialize -->
        <test-method is-config="true" signature="validateTitle(java.lang.String, java.lang.String)[pri:0, instance:TestRunner.TestRunner@798162bc]" started-at="2022-10-10T15:18:08Z" name="validateTitle" finished-at="2022-10-10T15:18:08Z" depends-on-methods="Utilities.Browser_Base.Intialize" duration-ms="57" status="PASS">
          <params>
            <param index="0">
              <value>
                <![CDATA[https://demoqa.com/]]>
              </value>
            </param>
            <param index="1">
              <value>
                <![CDATA[chrome]]>
              </value>
            </param>
          </params>
          <reporter-output>
          </reporter-output>
        </test-method> <!-- validateTitle -->
        <test-method is-config="true" signature="validateCurrentURL(java.lang.String, java.lang.String)[pri:0, instance:TestRunner.TestRunner@798162bc]" started-at="2022-10-10T15:18:08Z" name="validateCurrentURL" finished-at="2022-10-10T15:18:09Z" depends-on-methods="Utilities.Utils.validateTitle, Utilities.Browser_Base.Intialize" duration-ms="458" status="PASS">
          <params>
            <param index="0">
              <value>
                <![CDATA[https://demoqa.com/]]>
              </value>
            </param>
            <param index="1">
              <value>
                <![CDATA[chrome]]>
              </value>
            </param>
          </params>
          <reporter-output>
          </reporter-output>
        </test-method> <!-- validateCurrentURL -->
        <test-method is-config="true" signature="implicitwait()[pri:0, instance:TestRunner.TestRunner@798162bc]" started-at="2022-10-10T15:18:09Z" name="implicitwait" finished-at="2022-10-10T15:18:09Z" duration-ms="27" status="PASS">
          <reporter-output>
          </reporter-output>
        </test-method> <!-- implicitwait -->
        <test-method is-config="true" signature="testCasename()[pri:0, instance:TestRunner.TestRunner@798162bc]" started-at="2022-10-10T15:18:09Z" name="testCasename" finished-at="2022-10-10T15:18:09Z" duration-ms="0" status="PASS">
          <reporter-output>
          </reporter-output>
        </test-method> <!-- testCasename -->
        <test-method is-config="true" signature="threadSleep()[pri:0, instance:TestRunner.TestRunner@798162bc]" started-at="2022-10-10T15:18:09Z" name="threadSleep" finished-at="2022-10-10T15:18:09Z" duration-ms="14" status="PASS">
          <reporter-output>
          </reporter-output>
        </test-method> <!-- threadSleep -->
        <test-method signature="goToFramesAndWindowsScreen()[pri:1, instance:TestRunner.TestRunner@798162bc]" started-at="2022-10-10T15:18:09Z" name="goToFramesAndWindowsScreen" description="Register for the book store" finished-at="2022-10-10T15:18:11Z" duration-ms="2580" status="PASS">
          <reporter-output>
          </reporter-output>
        </test-method> <!-- goToFramesAndWindowsScreen -->
        <test-method is-config="true" signature="close()[pri:0, instance:TestRunner.TestRunner@798162bc]" started-at="2022-10-10T15:18:12Z" name="close" finished-at="2022-10-10T15:18:12Z" duration-ms="0" status="PASS">
          <reporter-output>
          </reporter-output>
        </test-method> <!-- close -->
        <test-method is-config="true" signature="endSuite(java.lang.String, java.lang.String, java.lang.String, java.lang.String, java.lang.String)[pri:0, instance:TestRunner.TestRunner@798162bc]" started-at="2022-10-10T15:18:13Z" name="endSuite" finished-at="2022-10-10T15:18:22Z" duration-ms="9112" status="PASS">
          <params>
            <param index="0">
              <value>
                <![CDATA[origin/master]]>
              </value>
            </param>
            <param index="1">
              <value>
                <![CDATA[Selenium Demo Test Result on ]]>
              </value>
            </param>
            <param index="2">
              <value>
                <![CDATA[dcs.selenium.report@gmail.com]]>
              </value>
            </param>
            <param index="3">
              <value>
                <![CDATA[lmsbruovggrocqxk]]>
              </value>
            </param>
            <param index="4">
              <value>
                <![CDATA[vikasithasouth@gmail.com]]>
              </value>
            </param>
          </params>
          <reporter-output>
          </reporter-output>
        </test-method> <!-- endSuite -->
      </class> <!-- TestRunner.TestRunner -->
    </test> <!-- Sub_Suite_2 -->
  </suite> <!-- Test_Suite -->
</testng-results>
