<?xml version="1.0" encoding="UTF-8"?>
<testsuite xmlns:xsi="http://www.w3.org/2001/XMLSchema-instance" xsi:noNamespaceSchemaLocation="https://maven.apache.org/surefire/maven-surefire-plugin/xsd/surefire-test-report-3.0.xsd" version="3.0" name="TestSuite" time="43.838" tests="6" errors="0" skipped="0" failures="2">
  <properties>
[...]
</properties>
  <testcase name="goToWdgetsScreen" classname="TestRunner.TestRunner" time="2.913">
    <system-out><![CDATA[2022 10 09 12:17/: Test suite started 
Correct URL hit on chrome
23
2
9
16
23
30
6
]]></system-out>
    <system-err><![CDATA[SLF4J: Failed to load class "org.slf4j.impl.StaticLoggerBinder".
SLF4J: Defaulting to no-operation (NOP) logger implementation
SLF4J: See http://www.slf4j.org/codes.html#StaticLoggerBinder for further details.
log4j:WARN No appenders could be found for logger (io.netty.util.internal.logging.InternalLoggerFactory).
log4j:WARN Please initialize the log4j system properly.
Starting ChromeDriver 105.0.5195.52 (412c95e518836d8a7d97250d62b29c2ae6a26a85-refs/branch-heads/5195@{#853}) on port 59364
Only local connections are allowed.
Please see https://chromedriver.chromium.org/security-considerations for suggestions on keeping ChromeDriver safe.
ChromeDriver was started successfully.
Oct 09, 2022 12:17:36 PM org.openqa.selenium.remote.ProtocolHandshake createSession
INFO: Detected upstream dialect: W3C
Oct 09, 2022 12:17:36 PM org.openqa.selenium.devtools.CdpVersionFinder findNearestMatch
WARNING: Unable to find an exact match for CDP version 105, so returning the closest version found: 104
Oct 09, 2022 12:17:36 PM org.openqa.selenium.devtools.CdpVersionFinder findNearestMatch
INFO: Found CDP implementation for version 105 of 104
]]></system-err>
  </testcase>
  <testcase name="goToWdgetsScreen2" classname="TestRunner.TestRunner" time="3.237">
    <system-out><![CDATA[23
2
9
16
23
30
]]></system-out>
  </testcase>
  <testcase name="goToAccordian" classname="TestRunner.TestRunner" time="0.622"/>
  <testcase name="goToSlider" classname="TestRunner.TestRunner" time="2.159">
    <system-out><![CDATA[645
]]></system-out>
  </testcase>
  <testcase name="goToProgressBar" classname="TestRunner.TestRunner" time="2.802">
    <failure message="no such element: Unable to locate element: {&quot;method&quot;:&quot;css selector&quot;,&quot;selector&quot;:&quot;div[class=&quot;progress-bar bg-success&quot;]&quot;}&#10;  (Session info: chrome=105.0.5195.125)&#10;For documentation on this error, please visit: https://selenium.dev/exceptions/#no_such_element&#10;Build info: version: &apos;4.4.0&apos;, revision: &apos;e5c75ed026a&apos;&#10;System info: host: &apos;dell-inspiron-5559&apos;, ip: &apos;192.168.1.101&apos;, os.name: &apos;Linux&apos;, os.arch: &apos;amd64&apos;, os.version: &apos;5.3.0-59-generic&apos;, java.version: &apos;11.0.7&apos;&#10;Driver info: org.openqa.selenium.chrome.ChromeDriver&#10;Command: [f4c499f9aab4c837edc63ff002c258b4, findElement {using=css selector, value=div[class=&quot;progress-bar bg-success&quot;]}]&#10;Capabilities {acceptInsecureCerts: false, browserName: chrome, browserVersion: 105.0.5195.125, chrome: {chromedriverVersion: 105.0.5195.52 (412c95e51883..., userDataDir: /tmp/.com.google.Chrome.F7atoo}, goog:chromeOptions: {debuggerAddress: localhost:33861}, networkConnectionEnabled: false, pageLoadStrategy: normal, platformName: LINUX, proxy: Proxy(), se:cdp: ws://localhost:33861/devtoo..., se:cdpVersion: 105.0.5195.125, setWindowRect: true, strictFileInteractability: false, timeouts: {implicit: 0, pageLoad: 300000, script: 30000}, unhandledPromptBehavior: dismiss and notify, webauthn:extension:credBlob: true, webauthn:extension:largeBlob: true, webauthn:virtualAuthenticators: true}&#10;Session ID: f4c499f9aab4c837edc63ff002c258b4" type="org.openqa.selenium.NoSuchElementException"><![CDATA[org.openqa.selenium.NoSuchElementException: 
no such element: Unable to locate element: {"method":"css selector","selector":"div[class="progress-bar bg-success"]"}
  (Session info: chrome=105.0.5195.125)
For documentation on this error, please visit: https://selenium.dev/exceptions/#no_such_element
Build info: version: '4.4.0', revision: 'e5c75ed026a'
System info: host: 'dell-inspiron-5559', ip: '192.168.1.101', os.name: 'Linux', os.arch: 'amd64', os.version: '5.3.0-59-generic', java.version: '11.0.7'
Driver info: org.openqa.selenium.chrome.ChromeDriver
Command: [f4c499f9aab4c837edc63ff002c258b4, findElement {using=css selector, value=div[class="progress-bar bg-success"]}]
Capabilities {acceptInsecureCerts: false, browserName: chrome, browserVersion: 105.0.5195.125, chrome: {chromedriverVersion: 105.0.5195.52 (412c95e51883..., userDataDir: /tmp/.com.google.Chrome.F7atoo}, goog:chromeOptions: {debuggerAddress: localhost:33861}, networkConnectionEnabled: false, pageLoadStrategy: normal, platformName: LINUX, proxy: Proxy(), se:cdp: ws://localhost:33861/devtoo..., se:cdpVersion: 105.0.5195.125, setWindowRect: true, strictFileInteractability: false, timeouts: {implicit: 0, pageLoad: 300000, script: 30000}, unhandledPromptBehavior: dismiss and notify, webauthn:extension:credBlob: true, webauthn:extension:largeBlob: true, webauthn:virtualAuthenticators: true}
Session ID: f4c499f9aab4c837edc63ff002c258b4
	at TestRunner.TestRunner.goToProgressBar(TestRunner.java:147)
]]></failure>
  </testcase>
  <testcase name="goToFramesAndWindowsScreen" classname="TestRunner.TestRunner" time="14.69">
    <failure message="Expected condition failed: waiting for element to be clickable: Proxy element for: DefaultElementLocator &apos;By.xpath: /html[1]/body[1]/div[2]/div[1]/div[1]/div[2]/div[1]/div[3]/div[1]/div[2]/*[name()=&apos;svg&apos;][1]&#10;&apos; (tried for 10 second(s) with 500 milliseconds interval)" type="org.openqa.selenium.TimeoutException"><![CDATA[org.openqa.selenium.TimeoutException: 
Expected condition failed: waiting for element to be clickable: Proxy element for: DefaultElementLocator 'By.xpath: /html[1]/body[1]/div[2]/div[1]/div[1]/div[2]/div[1]/div[3]/div[1]/div[2]/*[name()='svg'][1]
' (tried for 10 second(s) with 500 milliseconds interval)
	at TestRunner.TestRunner.goToFramesAndWindowsScreen(TestRunner.java:172)
Caused by: org.openqa.selenium.NoSuchElementException: 
no such element: Unable to locate element: {"method":"xpath","selector":"/html[1]/body[1]/div[2]/div[1]/div[1]/div[2]/div[1]/div[3]/div[1]/div[2]/*[name()='svg'][1]
"}
  (Session info: chrome=105.0.5195.125)
For documentation on this error, please visit: https://selenium.dev/exceptions/#no_such_element
Build info: version: '4.4.0', revision: 'e5c75ed026a'
System info: host: 'dell-inspiron-5559', ip: '192.168.1.101', os.name: 'Linux', os.arch: 'amd64', os.version: '5.3.0-59-generic', java.version: '11.0.7'
Driver info: org.openqa.selenium.chrome.ChromeDriver
Command: [f4c499f9aab4c837edc63ff002c258b4, findElement {using=xpath, value=/html[1]/body[1]/div[2]/div[1]/div[1]/div[2]/div[1]/div[3]/div[1]/div[2]/*[name()='svg'][1]
}]
Capabilities {acceptInsecureCerts: false, browserName: chrome, browserVersion: 105.0.5195.125, chrome: {chromedriverVersion: 105.0.5195.52 (412c95e51883..., userDataDir: /tmp/.com.google.Chrome.F7atoo}, goog:chromeOptions: {debuggerAddress: localhost:33861}, networkConnectionEnabled: false, pageLoadStrategy: normal, platformName: LINUX, proxy: Proxy(), se:cdp: ws://localhost:33861/devtoo..., se:cdpVersion: 105.0.5195.125, setWindowRect: true, strictFileInteractability: false, timeouts: {implicit: 0, pageLoad: 300000, script: 30000}, unhandledPromptBehavior: dismiss and notify, webauthn:extension:credBlob: true, webauthn:extension:largeBlob: true, webauthn:virtualAuthenticators: true}
Session ID: f4c499f9aab4c837edc63ff002c258b4
	at TestRunner.TestRunner.goToFramesAndWindowsScreen(TestRunner.java:172)
]]></failure>
  </testcase>
</testsuite>